<?xml version="1.0" encoding="UTF-8"?>
<testsuite xmlns:xsi="http://www.w3.org/2001/XMLSchema-instance" xsi:noNamespaceSchemaLocation="https://maven.apache.org/surefire/maven-surefire-plugin/xsd/surefire-test-report-3.0.xsd" version="3.0" name="com.sis.gildedrose.GRApplicationTests" time="0.969" tests="1" errors="0" skipped="0" failures="0">
  <properties>
    <property name="java.specification.version" value="22"/>
    <property name="sun.jnu.encoding" value="UTF-8"/>
    <property name="java.class.path" value="/Users/kartheekmanevarthe/work/backend/gilded-rose/target/test-classes:/Users/kartheekmanevarthe/work/backend/gilded-rose/target/classes:/Users/kartheekmanevarthe/.m2/repository/org/springframework/boot/spring-boot-starter/3.2.10/spring-boot-starter-3.2.10.jar:/Users/kartheekmanevarthe/.m2/repository/org/springframework/boot/spring-boot/3.2.10/spring-boot-3.2.10.jar:/Users/kartheekmanevarthe/.m2/repository/org/springframework/spring-context/6.1.13/spring-context-6.1.13.jar:/Users/kartheekmanevarthe/.m2/repository/org/springframework/boot/spring-boot-autoconfigure/3.2.10/spring-boot-autoconfigure-3.2.10.jar:/Users/kartheekmanevarthe/.m2/repository/org/springframework/boot/spring-boot-starter-logging/3.2.10/spring-boot-starter-logging-3.2.10.jar:/Users/kartheekmanevarthe/.m2/repository/ch/qos/logback/logback-classic/1.4.14/logback-classic-1.4.14.jar:/Users/kartheekmanevarthe/.m2/repository/ch/qos/logback/logback-core/1.4.14/logback-core-1.4.14.jar:/Users/kartheekmanevarthe/.m2/repository/org/apache/logging/log4j/log4j-to-slf4j/2.21.1/log4j-to-slf4j-2.21.1.jar:/Users/kartheekmanevarthe/.m2/repository/org/apache/logging/log4j/log4j-api/2.21.1/log4j-api-2.21.1.jar:/Users/kartheekmanevarthe/.m2/repository/org/slf4j/jul-to-slf4j/2.0.16/jul-to-slf4j-2.0.16.jar:/Users/kartheekmanevarthe/.m2/repository/jakarta/annotation/jakarta.annotation-api/2.1.1/jakarta.annotation-api-2.1.1.jar:/Users/kartheekmanevarthe/.m2/repository/org/springframework/spring-core/6.1.13/spring-core-6.1.13.jar:/Users/kartheekmanevarthe/.m2/repository/org/springframework/spring-jcl/6.1.13/spring-jcl-6.1.13.jar:/Users/kartheekmanevarthe/.m2/repository/org/yaml/snakeyaml/2.2/snakeyaml-2.2.jar:/Users/kartheekmanevarthe/.m2/repository/org/springframework/boot/spring-boot-starter-web/3.2.10/spring-boot-starter-web-3.2.10.jar:/Users/kartheekmanevarthe/.m2/repository/org/springframework/boot/spring-boot-starter-json/3.2.10/spring-boot-starter-json-3.2.10.jar:/Users/kartheekmanevarthe/.m2/repository/com/fasterxml/jackson/core/jackson-databind/2.15.4/jackson-databind-2.15.4.jar:/Users/kartheekmanevarthe/.m2/repository/com/fasterxml/jackson/core/jackson-annotations/2.15.4/jackson-annotations-2.15.4.jar:/Users/kartheekmanevarthe/.m2/repository/com/fasterxml/jackson/core/jackson-core/2.15.4/jackson-core-2.15.4.jar:/Users/kartheekmanevarthe/.m2/repository/com/fasterxml/jackson/datatype/jackson-datatype-jdk8/2.15.4/jackson-datatype-jdk8-2.15.4.jar:/Users/kartheekmanevarthe/.m2/repository/com/fasterxml/jackson/datatype/jackson-datatype-jsr310/2.15.4/jackson-datatype-jsr310-2.15.4.jar:/Users/kartheekmanevarthe/.m2/repository/com/fasterxml/jackson/module/jackson-module-parameter-names/2.15.4/jackson-module-parameter-names-2.15.4.jar:/Users/kartheekmanevarthe/.m2/repository/org/springframework/boot/spring-boot-starter-tomcat/3.2.10/spring-boot-starter-tomcat-3.2.10.jar:/Users/kartheekmanevarthe/.m2/repository/org/apache/tomcat/embed/tomcat-embed-core/10.1.30/tomcat-embed-core-10.1.30.jar:/Users/kartheekmanevarthe/.m2/repository/org/apache/tomcat/embed/tomcat-embed-el/10.1.30/tomcat-embed-el-10.1.30.jar:/Users/kartheekmanevarthe/.m2/repository/org/apache/tomcat/embed/tomcat-embed-websocket/10.1.30/tomcat-embed-websocket-10.1.30.jar:/Users/kartheekmanevarthe/.m2/repository/org/springframework/spring-web/6.1.13/spring-web-6.1.13.jar:/Users/kartheekmanevarthe/.m2/repository/org/springframework/spring-beans/6.1.13/spring-beans-6.1.13.jar:/Users/kartheekmanevarthe/.m2/repository/io/micrometer/micrometer-observation/1.12.10/micrometer-observation-1.12.10.jar:/Users/kartheekmanevarthe/.m2/repository/io/micrometer/micrometer-commons/1.12.10/micrometer-commons-1.12.10.jar:/Users/kartheekmanevarthe/.m2/repository/org/springframework/spring-webmvc/6.1.13/spring-webmvc-6.1.13.jar:/Users/kartheekmanevarthe/.m2/repository/org/springframework/spring-aop/6.1.13/spring-aop-6.1.13.jar:/Users/kartheekmanevarthe/.m2/repository/org/springframework/spring-expression/6.1.13/spring-expression-6.1.13.jar:/Users/kartheekmanevarthe/.m2/repository/org/projectlombok/lombok/1.18.34/lombok-1.18.34.jar:/Users/kartheekmanevarthe/.m2/repository/org/springframework/boot/spring-boot-starter-test/3.2.10/spring-boot-starter-test-3.2.10.jar:/Users/kartheekmanevarthe/.m2/repository/org/springframework/boot/spring-boot-test/3.2.10/spring-boot-test-3.2.10.jar:/Users/kartheekmanevarthe/.m2/repository/org/springframework/boot/spring-boot-test-autoconfigure/3.2.10/spring-boot-test-autoconfigure-3.2.10.jar:/Users/kartheekmanevarthe/.m2/repository/com/jayway/jsonpath/json-path/2.9.0/json-path-2.9.0.jar:/Users/kartheekmanevarthe/.m2/repository/jakarta/xml/bind/jakarta.xml.bind-api/4.0.2/jakarta.xml.bind-api-4.0.2.jar:/Users/kartheekmanevarthe/.m2/repository/jakarta/activation/jakarta.activation-api/2.1.3/jakarta.activation-api-2.1.3.jar:/Users/kartheekmanevarthe/.m2/repository/net/minidev/json-smart/2.5.1/json-smart-2.5.1.jar:/Users/kartheekmanevarthe/.m2/repository/net/minidev/accessors-smart/2.5.1/accessors-smart-2.5.1.jar:/Users/kartheekmanevarthe/.m2/repository/org/ow2/asm/asm/9.6/asm-9.6.jar:/Users/kartheekmanevarthe/.m2/repository/org/assertj/assertj-core/3.24.2/assertj-core-3.24.2.jar:/Users/kartheekmanevarthe/.m2/repository/net/bytebuddy/byte-buddy/1.14.19/byte-buddy-1.14.19.jar:/Users/kartheekmanevarthe/.m2/repository/org/awaitility/awaitility/4.2.2/awaitility-4.2.2.jar:/Users/kartheekmanevarthe/.m2/repository/org/hamcrest/hamcrest/2.2/hamcrest-2.2.jar:/Users/kartheekmanevarthe/.m2/repository/org/junit/jupiter/junit-jupiter/5.10.3/junit-jupiter-5.10.3.jar:/Users/kartheekmanevarthe/.m2/repository/org/junit/jupiter/junit-jupiter-api/5.10.3/junit-jupiter-api-5.10.3.jar:/Users/kartheekmanevarthe/.m2/repository/org/opentest4j/opentest4j/1.3.0/opentest4j-1.3.0.jar:/Users/kartheekmanevarthe/.m2/repository/org/junit/platform/junit-platform-commons/1.10.3/junit-platform-commons-1.10.3.jar:/Users/kartheekmanevarthe/.m2/repository/org/apiguardian/apiguardian-api/1.1.2/apiguardian-api-1.1.2.jar:/Users/kartheekmanevarthe/.m2/repository/org/junit/jupiter/junit-jupiter-params/5.10.3/junit-jupiter-params-5.10.3.jar:/Users/kartheekmanevarthe/.m2/repository/org/junit/jupiter/junit-jupiter-engine/5.10.3/junit-jupiter-engine-5.10.3.jar:/Users/kartheekmanevarthe/.m2/repository/org/junit/platform/junit-platform-engine/1.10.3/junit-platform-engine-1.10.3.jar:/Users/kartheekmanevarthe/.m2/repository/org/mockito/mockito-core/5.7.0/mockito-core-5.7.0.jar:/Users/kartheekmanevarthe/.m2/repository/net/bytebuddy/byte-buddy-agent/1.14.19/byte-buddy-agent-1.14.19.jar:/Users/kartheekmanevarthe/.m2/repository/org/objenesis/objenesis/3.3/objenesis-3.3.jar:/Users/kartheekmanevarthe/.m2/repository/org/mockito/mockito-junit-jupiter/5.7.0/mockito-junit-jupiter-5.7.0.jar:/Users/kartheekmanevarthe/.m2/repository/org/skyscreamer/jsonassert/1.5.3/jsonassert-1.5.3.jar:/Users/kartheekmanevarthe/.m2/repository/com/vaadin/external/google/android-json/0.0.20131108.vaadin1/android-json-0.0.20131108.vaadin1.jar:/Users/kartheekmanevarthe/.m2/repository/org/springframework/spring-test/6.1.13/spring-test-6.1.13.jar:/Users/kartheekmanevarthe/.m2/repository/org/xmlunit/xmlunit-core/2.9.1/xmlunit-core-2.9.1.jar:/Users/kartheekmanevarthe/.m2/repository/org/testng/testng/7.10.2/testng-7.10.2.jar:/Users/kartheekmanevarthe/.m2/repository/org/slf4j/slf4j-api/2.0.16/slf4j-api-2.0.16.jar:/Users/kartheekmanevarthe/.m2/repository/com/beust/jcommander/1.82/jcommander-1.82.jar:/Users/kartheekmanevarthe/.m2/repository/org/webjars/jquery/3.7.1/jquery-3.7.1.jar:"/>
    <property name="java.vm.vendor" value="Homebrew"/>
    <property name="sun.arch.data.model" value="64"/>
    <property name="java.vendor.url" value="https://github.com/Homebrew/homebrew-core/issues"/>
    <property name="user.timezone" value="Europe/London"/>
    <property name="os.name" value="Mac OS X"/>
    <property name="java.vm.specification.version" value="22"/>
    <property name="sun.java.launcher" value="SUN_STANDARD"/>
    <property name="user.country" value="GB"/>
    <property name="sun.boot.library.path" value="/opt/homebrew/Cellar/openjdk/22.0.2/libexec/openjdk.jdk/Contents/Home/lib"/>
    <property name="sun.java.command" value="/Users/kartheekmanevarthe/work/backend/gilded-rose/target/surefire/surefirebooter-20240930030324363_3.jar /Users/kartheekmanevarthe/work/backend/gilded-rose/target/surefire 2024-09-30T03-03-24_320-jvmRun1 surefire-20240930030324363_1tmp surefire_0-20240930030324363_2tmp"/>
    <property name="http.nonProxyHosts" value="local|*.local|169.254/16|*.169.254/16"/>
    <property name="jdk.debug" value="release"/>
    <property name="surefire.test.class.path" value="/Users/kartheekmanevarthe/work/backend/gilded-rose/target/test-classes:/Users/kartheekmanevarthe/work/backend/gilded-rose/target/classes:/Users/kartheekmanevarthe/.m2/repository/org/springframework/boot/spring-boot-starter/3.2.10/spring-boot-starter-3.2.10.jar:/Users/kartheekmanevarthe/.m2/repository/org/springframework/boot/spring-boot/3.2.10/spring-boot-3.2.10.jar:/Users/kartheekmanevarthe/.m2/repository/org/springframework/spring-context/6.1.13/spring-context-6.1.13.jar:/Users/kartheekmanevarthe/.m2/repository/org/springframework/boot/spring-boot-autoconfigure/3.2.10/spring-boot-autoconfigure-3.2.10.jar:/Users/kartheekmanevarthe/.m2/repository/org/springframework/boot/spring-boot-starter-logging/3.2.10/spring-boot-starter-logging-3.2.10.jar:/Users/kartheekmanevarthe/.m2/repository/ch/qos/logback/logback-classic/1.4.14/logback-classic-1.4.14.jar:/Users/kartheekmanevarthe/.m2/repository/ch/qos/logback/logback-core/1.4.14/logback-core-1.4.14.jar:/Users/kartheekmanevarthe/.m2/repository/org/apache/logging/log4j/log4j-to-slf4j/2.21.1/log4j-to-slf4j-2.21.1.jar:/Users/kartheekmanevarthe/.m2/repository/org/apache/logging/log4j/log4j-api/2.21.1/log4j-api-2.21.1.jar:/Users/kartheekmanevarthe/.m2/repository/org/slf4j/jul-to-slf4j/2.0.16/jul-to-slf4j-2.0.16.jar:/Users/kartheekmanevarthe/.m2/repository/jakarta/annotation/jakarta.annotation-api/2.1.1/jakarta.annotation-api-2.1.1.jar:/Users/kartheekmanevarthe/.m2/repository/org/springframework/spring-core/6.1.13/spring-core-6.1.13.jar:/Users/kartheekmanevarthe/.m2/repository/org/springframework/spring-jcl/6.1.13/spring-jcl-6.1.13.jar:/Users/kartheekmanevarthe/.m2/repository/org/yaml/snakeyaml/2.2/snakeyaml-2.2.jar:/Users/kartheekmanevarthe/.m2/repository/org/springframework/boot/spring-boot-starter-web/3.2.10/spring-boot-starter-web-3.2.10.jar:/Users/kartheekmanevarthe/.m2/repository/org/springframework/boot/spring-boot-starter-json/3.2.10/spring-boot-starter-json-3.2.10.jar:/Users/kartheekmanevarthe/.m2/repository/com/fasterxml/jackson/core/jackson-databind/2.15.4/jackson-databind-2.15.4.jar:/Users/kartheekmanevarthe/.m2/repository/com/fasterxml/jackson/core/jackson-annotations/2.15.4/jackson-annotations-2.15.4.jar:/Users/kartheekmanevarthe/.m2/repository/com/fasterxml/jackson/core/jackson-core/2.15.4/jackson-core-2.15.4.jar:/Users/kartheekmanevarthe/.m2/repository/com/fasterxml/jackson/datatype/jackson-datatype-jdk8/2.15.4/jackson-datatype-jdk8-2.15.4.jar:/Users/kartheekmanevarthe/.m2/repository/com/fasterxml/jackson/datatype/jackson-datatype-jsr310/2.15.4/jackson-datatype-jsr310-2.15.4.jar:/Users/kartheekmanevarthe/.m2/repository/com/fasterxml/jackson/module/jackson-module-parameter-names/2.15.4/jackson-module-parameter-names-2.15.4.jar:/Users/kartheekmanevarthe/.m2/repository/org/springframework/boot/spring-boot-starter-tomcat/3.2.10/spring-boot-starter-tomcat-3.2.10.jar:/Users/kartheekmanevarthe/.m2/repository/org/apache/tomcat/embed/tomcat-embed-core/10.1.30/tomcat-embed-core-10.1.30.jar:/Users/kartheekmanevarthe/.m2/repository/org/apache/tomcat/embed/tomcat-embed-el/10.1.30/tomcat-embed-el-10.1.30.jar:/Users/kartheekmanevarthe/.m2/repository/org/apache/tomcat/embed/tomcat-embed-websocket/10.1.30/tomcat-embed-websocket-10.1.30.jar:/Users/kartheekmanevarthe/.m2/repository/org/springframework/spring-web/6.1.13/spring-web-6.1.13.jar:/Users/kartheekmanevarthe/.m2/repository/org/springframework/spring-beans/6.1.13/spring-beans-6.1.13.jar:/Users/kartheekmanevarthe/.m2/repository/io/micrometer/micrometer-observation/1.12.10/micrometer-observation-1.12.10.jar:/Users/kartheekmanevarthe/.m2/repository/io/micrometer/micrometer-commons/1.12.10/micrometer-commons-1.12.10.jar:/Users/kartheekmanevarthe/.m2/repository/org/springframework/spring-webmvc/6.1.13/spring-webmvc-6.1.13.jar:/Users/kartheekmanevarthe/.m2/repository/org/springframework/spring-aop/6.1.13/spring-aop-6.1.13.jar:/Users/kartheekmanevarthe/.m2/repository/org/springframework/spring-expression/6.1.13/spring-expression-6.1.13.jar:/Users/kartheekmanevarthe/.m2/repository/org/projectlombok/lombok/1.18.34/lombok-1.18.34.jar:/Users/kartheekmanevarthe/.m2/repository/org/springframework/boot/spring-boot-starter-test/3.2.10/spring-boot-starter-test-3.2.10.jar:/Users/kartheekmanevarthe/.m2/repository/org/springframework/boot/spring-boot-test/3.2.10/spring-boot-test-3.2.10.jar:/Users/kartheekmanevarthe/.m2/repository/org/springframework/boot/spring-boot-test-autoconfigure/3.2.10/spring-boot-test-autoconfigure-3.2.10.jar:/Users/kartheekmanevarthe/.m2/repository/com/jayway/jsonpath/json-path/2.9.0/json-path-2.9.0.jar:/Users/kartheekmanevarthe/.m2/repository/jakarta/xml/bind/jakarta.xml.bind-api/4.0.2/jakarta.xml.bind-api-4.0.2.jar:/Users/kartheekmanevarthe/.m2/repository/jakarta/activation/jakarta.activation-api/2.1.3/jakarta.activation-api-2.1.3.jar:/Users/kartheekmanevarthe/.m2/repository/net/minidev/json-smart/2.5.1/json-smart-2.5.1.jar:/Users/kartheekmanevarthe/.m2/repository/net/minidev/accessors-smart/2.5.1/accessors-smart-2.5.1.jar:/Users/kartheekmanevarthe/.m2/repository/org/ow2/asm/asm/9.6/asm-9.6.jar:/Users/kartheekmanevarthe/.m2/repository/org/assertj/assertj-core/3.24.2/assertj-core-3.24.2.jar:/Users/kartheekmanevarthe/.m2/repository/net/bytebuddy/byte-buddy/1.14.19/byte-buddy-1.14.19.jar:/Users/kartheekmanevarthe/.m2/repository/org/awaitility/awaitility/4.2.2/awaitility-4.2.2.jar:/Users/kartheekmanevarthe/.m2/repository/org/hamcrest/hamcrest/2.2/hamcrest-2.2.jar:/Users/kartheekmanevarthe/.m2/repository/org/junit/jupiter/junit-jupiter/5.10.3/junit-jupiter-5.10.3.jar:/Users/kartheekmanevarthe/.m2/repository/org/junit/jupiter/junit-jupiter-api/5.10.3/junit-jupiter-api-5.10.3.jar:/Users/kartheekmanevarthe/.m2/repository/org/opentest4j/opentest4j/1.3.0/opentest4j-1.3.0.jar:/Users/kartheekmanevarthe/.m2/repository/org/junit/platform/junit-platform-commons/1.10.3/junit-platform-commons-1.10.3.jar:/Users/kartheekmanevarthe/.m2/repository/org/apiguardian/apiguardian-api/1.1.2/apiguardian-api-1.1.2.jar:/Users/kartheekmanevarthe/.m2/repository/org/junit/jupiter/junit-jupiter-params/5.10.3/junit-jupiter-params-5.10.3.jar:/Users/kartheekmanevarthe/.m2/repository/org/junit/jupiter/junit-jupiter-engine/5.10.3/junit-jupiter-engine-5.10.3.jar:/Users/kartheekmanevarthe/.m2/repository/org/junit/platform/junit-platform-engine/1.10.3/junit-platform-engine-1.10.3.jar:/Users/kartheekmanevarthe/.m2/repository/org/mockito/mockito-core/5.7.0/mockito-core-5.7.0.jar:/Users/kartheekmanevarthe/.m2/repository/net/bytebuddy/byte-buddy-agent/1.14.19/byte-buddy-agent-1.14.19.jar:/Users/kartheekmanevarthe/.m2/repository/org/objenesis/objenesis/3.3/objenesis-3.3.jar:/Users/kartheekmanevarthe/.m2/repository/org/mockito/mockito-junit-jupiter/5.7.0/mockito-junit-jupiter-5.7.0.jar:/Users/kartheekmanevarthe/.m2/repository/org/skyscreamer/jsonassert/1.5.3/jsonassert-1.5.3.jar:/Users/kartheekmanevarthe/.m2/repository/com/vaadin/external/google/android-json/0.0.20131108.vaadin1/android-json-0.0.20131108.vaadin1.jar:/Users/kartheekmanevarthe/.m2/repository/org/springframework/spring-test/6.1.13/spring-test-6.1.13.jar:/Users/kartheekmanevarthe/.m2/repository/org/xmlunit/xmlunit-core/2.9.1/xmlunit-core-2.9.1.jar:/Users/kartheekmanevarthe/.m2/repository/org/testng/testng/7.10.2/testng-7.10.2.jar:/Users/kartheekmanevarthe/.m2/repository/org/slf4j/slf4j-api/2.0.16/slf4j-api-2.0.16.jar:/Users/kartheekmanevarthe/.m2/repository/com/beust/jcommander/1.82/jcommander-1.82.jar:/Users/kartheekmanevarthe/.m2/repository/org/webjars/jquery/3.7.1/jquery-3.7.1.jar:"/>
    <property name="sun.cpu.endian" value="little"/>
    <property name="user.home" value="/Users/kartheekmanevarthe"/>
    <property name="user.language" value="en"/>
    <property name="java.specification.vendor" value="Oracle Corporation"/>
    <property name="java.version.date" value="2024-07-16"/>
    <property name="java.home" value="/opt/homebrew/Cellar/openjdk/22.0.2/libexec/openjdk.jdk/Contents/Home"/>
    <property name="file.separator" value="/"/>
    <property name="basedir" value="/Users/kartheekmanevarthe/work/backend/gilded-rose"/>
    <property name="java.vm.compressedOopsMode" value="Zero based"/>
    <property name="line.separator" value="&#10;"/>
    <property name="java.vm.specification.vendor" value="Oracle Corporation"/>
    <property name="java.specification.name" value="Java Platform API Specification"/>
    <property name="FILE_LOG_CHARSET" value="UTF-8"/>
    <property name="java.awt.headless" value="true"/>
    <property name="apple.awt.application.name" value="ForkedBooter"/>
    <property name="surefire.real.class.path" value="/Users/kartheekmanevarthe/work/backend/gilded-rose/target/surefire/surefirebooter-20240930030324363_3.jar"/>
    <property name="sun.management.compiler" value="HotSpot 64-Bit Tiered Compilers"/>
    <property name="ftp.nonProxyHosts" value="local|*.local|169.254/16|*.169.254/16"/>
    <property name="java.runtime.version" value="22.0.2"/>
    <property name="user.name" value="kartheekmanevarthe"/>
    <property name="stdout.encoding" value="UTF-8"/>
    <property name="path.separator" value=":"/>
    <property name="os.version" value="14.5"/>
    <property name="java.runtime.name" value="OpenJDK Runtime Environment"/>
    <property name="file.encoding" value="UTF-8"/>
    <property name="java.vm.name" value="OpenJDK 64-Bit Server VM"/>
    <property name="java.vendor.version" value="Homebrew"/>
    <property name="localRepository" value="/Users/kartheekmanevarthe/.m2/repository"/>
    <property name="java.vendor.url.bug" value="https://github.com/Homebrew/homebrew-core/issues"/>
    <property name="java.io.tmpdir" value="/var/folders/y6/f8db3j3967350t7j3g_2mh280000gn/T/"/>
    <property name="java.version" value="22.0.2"/>
    <property name="user.dir" value="/Users/kartheekmanevarthe/work/backend/gilded-rose"/>
    <property name="os.arch" value="aarch64"/>
    <property name="java.vm.specification.name" value="Java Virtual Machine Specification"/>
    <property name="PID" value="15177"/>
    <property name="CONSOLE_LOG_CHARSET" value="UTF-8"/>
    <property name="native.encoding" value="UTF-8"/>
    <property name="java.library.path" value="/Users/kartheekmanevarthe/Library/Java/Extensions:/Library/Java/Extensions:/Network/Library/Java/Extensions:/System/Library/Java/Extensions:/usr/lib/java:."/>
    <property name="java.vm.info" value="mixed mode, sharing"/>
    <property name="stderr.encoding" value="UTF-8"/>
    <property name="java.vendor" value="Homebrew"/>
    <property name="java.vm.version" value="22.0.2"/>
    <property name="sun.io.unicode.encoding" value="UnicodeBig"/>
    <property name="socksNonProxyHosts" value="local|*.local|169.254/16|*.169.254/16"/>
    <property name="java.class.version" value="66.0"/>
    <property name="LOGGED_APPLICATION_NAME" value="[demo] "/>
  </properties>
  <testcase name="contextLoads" classname="com.sis.gildedrose.GRApplicationTests" time="0.362">
    <system-out><![CDATA[03:03:24.672 [main] INFO org.springframework.test.context.support.AnnotationConfigContextLoaderUtils -- Could not detect default configuration classes for test class [com.sis.gildedrose.GRApplicationTests]: GRApplicationTests does not declare any static, non-private, non-final, nested classes annotated with @Configuration.
03:03:24.711 [main] INFO org.springframework.boot.test.context.SpringBootTestContextBootstrapper -- Found @SpringBootConfiguration com.sis.gildedrose.GRApplication for test class com.sis.gildedrose.GRApplicationTests

  .   ____          _            __ _ _
 /\\ / ___'_ __ _ _(_)_ __  __ _ \ \ \ \
( ( )\___ | '_ | '_| | '_ \/ _` | \ \ \ \
 \\/  ___)| |_)| | | | | || (_| |  ) ) ) )
  '  |____| .__|_| |_|_| |_\__, | / / / /
 =========|_|==============|___/=/_/_/_/
 :: Spring Boot ::               (v3.2.10)

2024-09-30T03:03:24.855+01:00  INFO 15177 --- [demo] [           main] com.sis.gildedrose.GRApplicationTests    : Starting GRApplicationTests using Java 22.0.2 with PID 15177 (started by kartheekmanevarthe in /Users/kartheekmanevarthe/work/backend/gilded-rose)
2024-09-30T03:03:24.855+01:00  INFO 15177 --- [demo] [           main] com.sis.gildedrose.GRApplicationTests    : No active profile set, falling back to 1 default profile: "default"
2024-09-30T03:03:25.202+01:00  INFO 15177 --- [demo] [           main] com.sis.gildedrose.GRApplicationTests    : Started GRApplicationTests in 0.451 seconds (process running for 0.804)
]]></system-out>
    <system-err><![CDATA[WARNING: A Java agent has been loaded dynamically (/Users/kartheekmanevarthe/.m2/repository/net/bytebuddy/byte-buddy-agent/1.14.19/byte-buddy-agent-1.14.19.jar)
WARNING: If a serviceability tool is in use, please run with -XX:+EnableDynamicAgentLoading to hide this warning
WARNING: If a serviceability tool is not in use, please run with -Djdk.instrument.traceUsage for more information
WARNING: Dynamic loading of agents will be disallowed by default in a future release
]]></system-err>
  </testcase>
</testsuite>